<?xml version="1.0" encoding="UTF-8"?>
<!-- Generated by org.testng.reporters.JUnitXMLReporter -->
<testsuite ignored="0" hostname="yasmeena" failures="0" tests="4" name="Default test" time="0.378" errors="0" timestamp="2024-03-24T00:35:32 EET">
  <testcase classname="database_1.DatabaseTesting" name="ReadData" time="0.034"/>
  <testcase classname="database_1.DatabaseTesting" name="AddnewData" time="0.01"/>
  <testcase classname="database_1.DatabaseTesting" name="UpdateData" time="0.003"/>
  <testcase classname="database_1.DatabaseTesting" name="DeletData" time="0.004"/>
</testsuite> <!-- Default test -->
