<?xml version="1.0" encoding="UTF-8"?>
<testng-results ignored="0" total="4" passed="4" failed="0" skipped="0">
  <reporter-output>
  </reporter-output>
  <suite started-at="2024-03-24T00:35:32 EET" name="Default suite" finished-at="2024-03-24T00:35:32 EET" duration-ms="378">
    <groups>
    </groups>
    <test started-at="2024-03-24T00:35:32 EET" name="Default test" finished-at="2024-03-24T00:35:32 EET" duration-ms="378">
      <class name="database_1.DatabaseTesting">
        <test-method is-config="true" signature="mybeforetest()[pri:0, instance:database_1.DatabaseTesting@5e82df6a]" started-at="2024-03-24T00:35:32 EET" name="mybeforetest" finished-at="2024-03-24T00:35:32 EET" duration-ms="303" status="PASS">
          <reporter-output>
          </reporter-output>
        </test-method> <!-- mybeforetest -->
        <test-method signature="ReadData()[pri:1, instance:database_1.DatabaseTesting@5e82df6a]" started-at="2024-03-24T00:35:32 EET" name="ReadData" finished-at="2024-03-24T00:35:32 EET" duration-ms="34" status="PASS">
          <reporter-output>
          </reporter-output>
        </test-method> <!-- ReadData -->
        <test-method signature="AddnewData()[pri:2, instance:database_1.DatabaseTesting@5e82df6a]" started-at="2024-03-24T00:35:32 EET" name="AddnewData" finished-at="2024-03-24T00:35:32 EET" duration-ms="10" status="PASS">
          <reporter-output>
          </reporter-output>
        </test-method> <!-- AddnewData -->
        <test-method signature="UpdateData()[pri:3, instance:database_1.DatabaseTesting@5e82df6a]" started-at="2024-03-24T00:35:32 EET" name="UpdateData" finished-at="2024-03-24T00:35:32 EET" duration-ms="3" status="PASS">
          <reporter-output>
          </reporter-output>
        </test-method> <!-- UpdateData -->
        <test-method signature="DeletData()[pri:4, instance:database_1.DatabaseTesting@5e82df6a]" started-at="2024-03-24T00:35:32 EET" name="DeletData" finished-at="2024-03-24T00:35:32 EET" duration-ms="4" status="PASS">
          <reporter-output>
          </reporter-output>
        </test-method> <!-- DeletData -->
        <test-method is-config="true" signature="myaftertest()[pri:0, instance:database_1.DatabaseTesting@5e82df6a]" started-at="2024-03-24T00:35:32 EET" name="myaftertest" finished-at="2024-03-24T00:35:32 EET" duration-ms="1" status="PASS">
          <reporter-output>
          </reporter-output>
        </test-method> <!-- myaftertest -->
      </class> <!-- database_1.DatabaseTesting -->
    </test> <!-- Default test -->
  </suite> <!-- Default suite -->
</testng-results>
